http://thirdwx.qlogo.cn/mmopen/vi_32/Q0j4TwGTfTIMibhc0u2ksurELC631A2UDdPaPKnLkCFO0BMEzCApG21vqSrY9tIDaP93DpgH8SF456ZVTWckujA/132
http://wx.qlogo.cn/mmopen/vi_32/NGo8RyP4RVGESiaoqrt4zpu34SBU3fJUSQicP6ovJia1zeXs9Pt1pwocJNUmvicyGj99PaD0VkicibL6lO8NDguriariaA/0
http://wx.qlogo.cn/mmopen/vi_32/Q0j4TwGTfTLTfKHlhgsmdgdSibbvK8zZB2yS4Plic6lOdMohZpFmhuKRsHxos7TrbCUn0yEWBsAEr9s9YgvtMyaQ/0
https://ss1.baidu.com/6ONXsjip0QIZ8tyhnq/it/u=2871645388,1267780857&fm=58
https://ss0.baidu.com/73t1bjeh1BF3odCf/it/u=531034715,2771002236&fm=85&s=1889AF5542674305CF8D612C0300E062
https://ss0.bdstatic.com/70cFuHSh_Q1YnxGkpoWK1HF6hhy/it/u=3512331237,2033775251&fm=27&gp=0.jpg
http://hserver.zzqyhd.com/image/defaut.png
http://thirdwx.qlogo.cn/mmopen/vi_32/Q0j4TwGTfTKyibb1WBzvt8Cia9JvxdL8r99z5lHgOzGPAJjfkPdJ61Co113MjukYVXk846ngB0lohvV2zwne06Gw/132
https://ss3.bdstatic.com/70cFv8Sh_Q1YnxGkpoWK1HF6hhy/it/u=3057512949,2471002942&fm=27&gp=0.jpg
https://ss2.bdstatic.com/70cFvnSh_Q1YnxGkpoWK1HF6hhy/it/u=2809576112,626361756&fm=27&gp=0.jpg
https://ss0.baidu.com/73F1bjeh1BF3odCf/it/u=2143189098,1029960206&fm=85&s=332CD604B65B67CC4C8770D903008098
http://thirdwx.qlogo.cn/mmopen/vi_32/T0ClNbqYVy1JM2EhFqSusgrwynM2cssYIF9DZP3gHBSLgzzB4SBU4h9j4GZu7a28BCE8KMtRvibKWyKMWIbIy6A/132
http://thirdwx.qlogo.cn/mmopen/vi_32/micU2L2JBNDibzBOiawlr6jDojibc8ayklkEbnia07PWFjRTCsADAvfYqvIH1Ix4PKj0K7Z9cjR33U3uUEjQ9KhYYYw/132
http://thirdwx.qlogo.cn/mmopen/vi_32/eXJZR4PTrmTH0WYicYPIlDPXy92dhvawdu22LxQDYHvUKUAv4mDGdpZIJEgEibqv3NibsU4NbjmAkicibkPqL1UKicaw/132
http://thirdwx.qlogo.cn/mmopen/vi_32/SlgQnpM94Trrpx6TSOgtweMBxXS9LnTPg38kQkerYctgiadQwYpZb1HA3bBt1FIkxV6YyczPDAeDLxcOByunrKQ/132
http://thirdwx.qlogo.cn/mmopen/vi_32/g3qgicxXmY6oCc49ORDUqQnB6qgicV67nibSBbaGLgZ5wlyL3Ehf8UicbT6K7Piaj14YbQUVEaAJSRM08uUW2pwNo4Q/132
http://thirdwx.qlogo.cn/mmopen/vi_32/DYAIOgq83erg3ZlHfXOGkloFxQnclt76Z4aRTo9oJc8YBR18RZaibXM8xFNjonInHImbnQeqDHOV99BkqMYBOXQ/132
http://thirdwx.qlogo.cn/mmopen/vi_32/3raFU5AA5eEWhDI9Mjhn3OO7HUDQbmKMlGlQibyAKHmXV8cJrdyCibo3riaibMe2vCz9QKHe0QeonsK1A40A0n8vgg/132
http://thirdwx.qlogo.cn/mmopen/vi_32/WzfuBM6BGmU0CJ0wtIMe51yWgmgadFAFnHLjYSlt0icPic39Zl2VRdGVAPUOhSaiaUPZ9cmOicAEMVIIh6olm6p9og/132
http://thirdwx.qlogo.cn/mmopen/vi_32/jwtON6CibUibibG7LPXM9Us5BploRxqTpU8bIE2nmcKkINapGVKrsvk6gaLRe8ua0eQhbCtZLzzXm4NhNhxR595Fw/132
http://thirdwx.qlogo.cn/mmopen/vi_32/PiajxSqBRaEIksu9OdTmib6VVujTq6ibpQVPamqA3icTlEAB9Pksia3rWOlAicvlmPgWUGv7YsPicmmYtA92QvG6LJbVQ/132
http://thirdwx.qlogo.cn/mmopen/vi_32/JBsViakpwl2ic3oYnUyqzvjYM6UCYSEYTS5JtFEo6AzyMZq0pGmBmhibQnoutQJukIiaJutQAO1HOXG1nxlJpKboTQ/132
http://thirdwx.qlogo.cn/mmopen/vi_32/Q0j4TwGTfTLcDcDupr8iaCurut5ib2Q0pKHUibV5P53TxqHrJYGib9CHia9Dkt5xIqQF5yoA8H0zhUJSZF6gIY4CoSA/132
http://thirdwx.qlogo.cn/mmopen/vi_32/fM00qjNViazPHpys9G9TfDlowMrj6QXMkRwOGjicZrdZIeV0WDiaXicCSuByhu70xDiaeNk49jcTJJRImicQeadL5P5Q/132
http://thirdwx.qlogo.cn/mmopen/vi_32/PGnadJluKgaKW2GEzNrPDQo6Xbe8zjnEg3UaZXSQuTiakG5FDwAxXUlQ7QUOtNA9QDk6CkcH5fdvBASJbyQyhVw/132
http://thirdwx.qlogo.cn/mmopen/vi_32/btw6AOce1LjmQdI4trGwnILPxW3awGGl4hBeGOe1DR18bSrygSL0TS0JOT9hUx8aAZVYGGKVVCiczc6ESZ6dJ3A/132
http://thirdwx.qlogo.cn/mmopen/vi_32/P78kJjgI0cV2OUKgLuMXyibVsjdnK7vNdPE4NVrfZD1JDaibV8gZuqpFibWjjLkmTnBP17tpvIdKznWTG14kyeSew/132
http://thirdwx.qlogo.cn/mmopen/vi_32/Q0j4TwGTfTJpcb6lVvsvJMw4kFrjPbYRy8uhmoahj6k0ULPV6lZvsqzLMX6dY5PtjYPqgibEialnziaPhPTbgP9Fw/132
http://thirdwx.qlogo.cn/mmopen/vi_32/qf3MbFEPq9K7wrtcmbHISdv4cerl2DXtKEfMfTuz1H3WOUoa2uUSEBI8wVjRsugehSYCnGMC6bkvCVxwY1zHug/132
http://thirdwx.qlogo.cn/mmopen/vi_32/Q0j4TwGTfTLpyADIQMyM58OiaATPFlUTokfSlrkjkBnPxDxysrtZL6qyDOzZPTKJELv06SQBF7UUbiccFAljsmeA/132
http://thirdwx.qlogo.cn/mmopen/vi_32/8XzSQjWyRuiaib2pnLHNL3eDtBOC3gHKqV251tjnfdeR771YLWsBoZnPUMNeEvvhCjNsGAlmj1ice9nT3Xs7vSnpw/132
http://thirdwx.qlogo.cn/mmopen/vi_32/A4XhUDJpmLiasOV1lWjlm22KxMJkz66LTzv6YMMIjibKRKDRSGEEEOypJIDcOrQgoyA2G6yib5aiaKrUFhvg3TIHNA/132
http://thirdwx.qlogo.cn/mmopen/vi_32/vQmr3yKKUxW7sOBUwaQnXWGhujzic74Bfj7ZA0UG29UJkc5znEWoyh6OS636PJIMmOjHxzo5iagF4pSh61Ok1MWQ/132
http://thirdwx.qlogo.cn/mmopen/vi_32/FcRibGPkicSKjElTjxSkKf0icQXDuW5K1AgzbzoONW6D4hU2T2oia9lk1rA8PxaEy3QiaJHaLChkztUaH97cmBaobJA/132
http://thirdwx.qlogo.cn/mmopen/vi_32/89Q1NzeOSf8ic6N1PN5rPHxCFqn4ZicbWYE07DAMF38iaXguArG8TfhPQrNKy0sITj5uIfzgSAT9iapeOtEiak9V48A/132
http://thirdwx.qlogo.cn/mmopen/vi_32/m2QGEF9ONz7Nbb3LALvwwqN4qgvSNNsXaWfZr2oJCMeiaIQ7ZgYxhJ8iaAesnOMBT3ibKDLorcVx7MPJjibtJFVBpQ/132
http://thirdwx.qlogo.cn/mmopen/vi_32/Q0j4TwGTfTLydDvf72CNhLSeorWicaPnX1wOVDNx6VUEic7XHLYgA0FycAEl3JRT9VBLCadklgWpLcO9tuViaTs0w/132
http://thirdwx.qlogo.cn/mmopen/vi_32/nHTeBrP98wwFNTTkQAaMBMov73YnJSEjfcj9akx4wBYQJCujENTyOibj6xfH6iaNhEJ24BzficHe30G1icib4Ff0vEw/132
http://thirdwx.qlogo.cn/mmopen/vi_32/Q0j4TwGTfTJnjGSCaw14W69HiajsZn3nvaaqperluUKnGfvG5ibtkVk9OtUtLB8Vst07AuCTTuMD8fnH7dEYSFYw/132
http://thirdwx.qlogo.cn/mmopen/vi_32/LRdETtYlrLnN20YSDoQ1cHwOiaKwxEKLxr9fsftlZkLpOBEgV7HADlJRrjXTOpWpH2xia8qvjyStAD0qrdmgO9sg/132
http://thirdwx.qlogo.cn/mmopen/vi_32/KZJaMK23pia9WBibP9DsibDI7M54fIdc0tH4bzOsicZGhibbT3gibWZUEtokGz7Zssvia2LJhxe1bSFZgPuj4ibsib7MQrA/132
http://thirdwx.qlogo.cn/mmopen/vi_32/DYAIOgq83ep8IcW9WgeuibibpWFS7ibmWib1lyl5QX5lBKDqLyib17yBiaQPVkYT3Abpraov1OkomFV3JnrKUktxppAg/132
http://thirdwx.qlogo.cn/mmopen/vi_32/icVfcXVzMhFJjuywZWR5zlJ4ibgCyo6zLHKF2XShpeBjNvHfSoia0SrAveQFxCHgzxnicmgPeias5c5Z2MeuQkzGj5A/132
http://thirdwx.qlogo.cn/mmopen/vi_32/QcnEOrFc9BE0ZNzG2iaxZXtXu66sK1iaWpUT6m7n5pWibzGLFKMeOEnY7tKAiarZyZicDicGPG0miaB4XErwABywbMnag/132
http://thirdwx.qlogo.cn/mmopen/vi_32/DYAIOgq83eqHkB6zdIecr2RqCqMvzvjAibNSAyCZNozYdWSV9DXOkHRxqcI2EfzhIiaTu7DRjGBUtPiaVRTQG2zqw/132
http://thirdwx.qlogo.cn/mmopen/vi_32/ze8umJb1gUW8pME70xGibLOHFQPpT6prh0EV6otoMfIWC1TKM6L6p6uIzdB2WpCjT7q5SpsWKiavCpDu2knbNcyQ/132
http://thirdwx.qlogo.cn/mmopen/vi_32/aSgL0WYhKX0yFgZmzZH9krcut8Ah37UwBxBZDKXVpsqXEnwslCiaQk4jVZ4ezeQp2ibAvAIpQ7YkBzaSR4LSDsbw/132
http://thirdwx.qlogo.cn/mmopen/vi_32/Q0j4TwGTfTJiciaFAia5c9K6Wwlu7KJoP9yA1xicRWYboEmMA3sM8icPuibhB68zC28CmQKBqeObAG64RIFwfnacYV9Q/132
http://thirdwx.qlogo.cn/mmopen/vi_32/UdBw6msIq61QNg7FsR1JFryFeVPvGS63AJEd6zBmzZia75Rk5ibNpPtEeBZHLibcibdplaMpalQBOkQwv3q66fzJaQ/132
http://thirdwx.qlogo.cn/mmopen/vi_32/ibnyQx9dKeEedSLr7wibhjmOwxZX8XA00AylyDSDOCxzfXyfM0BXsxOQ7DqI4Xx8UwZxAJpkJa9Lkg7d8tuCgVMQ/132
http://thirdwx.qlogo.cn/mmopen/vi_32/PNPMrrwicQyJPFfVXReuxyZSbibJhOmjZoeb5WwHibdE7SmINfdTicicMNBx0k0xnlPuiaBibqb2GGQaMxRaicNeqQpfAQ/132
http://thirdwx.qlogo.cn/mmopen/vi_32/LjlicotBRStKwrQTfUhl2dkJEibdSOdJKrIQ4r7Odun2DuIJcyOtuS4icUqYmsBRcqHM3Zzp0xqphhoRyanIFEBaA/132
http://thirdwx.qlogo.cn/mmopen/vi_32/LARPViaicI2yN0O3mlCcJLlUOicLEeegQDibd7YibJACUcK9RzGNxX47SxwAlOdsPIkO5OIaIlUvU1NRC5V8xIn5NVA/132
http://thirdwx.qlogo.cn/mmopen/vi_32/IkLaRyZAbX7DZPRnGaocOQXuxnLiaRrZo8AL5yKSnEyoYugDH3mm3gPn2We5AeLglh30gBreGiaxcTSHQ9KwzsDA/132
http://thirdwx.qlogo.cn/mmopen/vi_32/DYAIOgq83epI80ialZczvbQmFFhswVLav40NtLFxZJa0vwFzmVSyouO7dXic8giaS0v74eHsPtiacQqtYPeu9Vv9vw/132
http://thirdwx.qlogo.cn/mmopen/vi_32/HDUByo0DzDKqFWBh4YQFBFKOuQbwm17wnjq2gFZlvjpMKQ2CUsA9CSaDX5QqvhrECn2OKaRaDwfiadSQbohja9g/132
http://thirdwx.qlogo.cn/mmopen/vi_32/u3vz3JupnJibtpiacT6MSTNaQ98LtLQl3vYgsjNWEKcyM9VbTdZGrdB1aeoxGz3v6k7ArkjCqrlhnGicI9Mrwxl5A/132
http://thirdwx.qlogo.cn/mmopen/vi_32/ZyWuPiaKa3p35VqtKWBQRupYNRhsdJl5aZbOK5GYORSqoqbNEg5vA3YR5CSickXCH5sXo4icY408OjlsiaiaAAh0gqg/132
http://thirdwx.qlogo.cn/mmopen/vi_32/YADjHhWMsfb2nQ2wvQSSynvc9PHf5TphW70uicA4Ps4CHK4XlmW6S15qmiaFdU446zpcxibYbyV7KPibFxDaXYdMkA/132
http://thirdwx.qlogo.cn/mmopen/vi_32/Q0j4TwGTfTJIhjH3kUQf3Fk4VHjQ4iaj0JoFETM5lBZ2C2OIFqoXNNYickeibTs29lbbbYzThicGwAuFkzPXRicuaAQ/132
http://thirdwx.qlogo.cn/mmopen/vi_32/gUoakOVnV9lBOAKPDGQJsHYxVHQV5zlOrK08qYsLt9MUaq1CfLurZxcddhKa8V7c27J4SXdFZnEyX9quKz7Uiaw/132
http://thirdwx.qlogo.cn/mmopen/vi_32/iaTEcHfiae4oSyNUmPr55gq6aVVZaZzH2wa3P1hvJOPD6SxFPFXsia75rApwLFfbqLEA7OyibNjFib8dMDRiaFVkYuQA/132
http://thirdwx.qlogo.cn/mmopen/vi_32/HbwM7TdfcwPmcmZIlFaA5m8c06ONT333tVibkaaU2nXlcPd5DbTdBnMEzpH3IQ71dpZlGW2CoIWrNP6bBTWuRdg/132
http://thirdwx.qlogo.cn/mmopen/vi_32/Q0j4TwGTfTLKoCMtiaLzNu9JpnjecRCVhfcnR6VPZiaV4nmjzPm2phia72dFXwQ8ibtOuic8vicicPnjxYicW3ZXwwmt7A/132
http://thirdwx.qlogo.cn/mmopen/vi_32/VzxxRtAo0QoRRjZPtnq9KU2HeE3jstcXjyCfr54mkLR4ZWicibcC0gm9GLibUPqq13Zvm3QLfchphBvNHtiaz5kP4g/132
http://thirdwx.qlogo.cn/mmopen/vi_32/Vy7Qaun1xIiceA8Z3kO3nHXjJoia8j1x02q0qJu2PjTZs0Ev7TyrEtiaBsO2icdKRfVeVGKqrUXeTY8GicKDMzVlNlw/132
http://thirdwx.qlogo.cn/mmopen/vi_32/4IY0ETxJstPwHgdxyYsjjOovGrPcYTMUic2MZxF3yTOIBzfcsdWyFu0WqxbEM0MHupBus1XibqRJbrOJFJpzXRAg/132
http://wx.qlogo.cn/mmopen/vi_32/8EYAmRyV1uRiallG5qhoyhfEalyc461mRFMpGVDqa8dB7BD6YRRPY0GIFlne2ibgyHXvDTwEPOIKycUxjgf8rfcA/132
http://wx.qlogo.cn/mmopen/vi_32/Q0j4TwGTfTJPWMlWAHEoLG4qAqSWaPNwbGCdOIhBXY3oLtWFy8sDEoqPuuSwqYsYeO3X7TUSeMZ4Y313kicoEbw/132
http://wx.qlogo.cn/mmopen/vi_32/Q0j4TwGTfTICkQZZibs7x9Ffmd9eo2QZkITIDddkEibbkN9zwSuiadPTZqynMibtwb6ia2xnGotm4C9j3VrtfpQorNA/132
http://wx.qlogo.cn/mmopen/vi_32/ajNVdqHZLLBBjNQayEgsQTUWW5eLbSvlLzwRiaYdX6XZwhm1oRJP0ZuZHpwlOFy0MTcZqLrVibiaicthPaq1jPeSEQ/132
http://thirdwx.qlogo.cn/mmopen/vi_32/DYAIOgq83ervJwqTR2No7tMGOylnbw1hpvic8gWWuMqb1xkFwlck3Kr1GUGGRgaA2m7u9Wiaibw12Xru4FVClHy7A/132
http://wx.qlogo.cn/mmopen/vi_32/Q0j4TwGTfTIXNMbqzhMP39LI1bWicHTbE8NaRRicOEn4tI5yVHDsv0lEZC6koZNWRG40BN4HTLscRRNj9XOHkpuw/132
http://thirdwx.qlogo.cn/mmopen/vi_32/deicDaNyIog6ltnhqt32cwfgpRVb7I4xDVT5V22suQrcicFRf7bQ7rIdoXsYyLkbxVuFAaARnJUwkuiapYiaWWJwEw/132
http://thirdwx.qlogo.cn/mmopen/vi_32/s5ia5PYELc3Hwsxlh3ibaYnIp0iag33FkpWnRv42Ticz6DU2h29eZhS8JpcyQN6AQAkmgAIlIuhkZicXxy1EWDs7dVg/132
http://thirdwx.qlogo.cn/mmopen/vi_32/KlrcibcVeam8hwHOzicgiazX2Ag84JJIO76NMFdCZUhKSkGq0MYiaHeNuWfQqePRicZwdgBmVDsE5YRsDiaTR1jTViciag/132
http://wx.qlogo.cn/mmopen/vi_32/Q0j4TwGTfTK984GYGP1f2miaHLX8uHeWsEqzYz0GO3yOJcVwc3Pjyp1SQ6ZiasrgkNevtMCsM3DpZHnulFTWclEA/132
http://wx.qlogo.cn/mmopen/vi_32/TlI171ebfn3qUGrrMDoUkn2Re4oVIicglYT0icx1y9Lk40aA3bdtprGib96BUDPx5tWLKaCNBaZlmMyPU7nOibicCRQ/132
http://thirdwx.qlogo.cn/mmopen/vi_32/efZZicKxTMYSdH0nqh9sJQene63LBO1sibxP5QlpnqY9dxnjvnuHldm5R3NLRbBVWBBY4UWloWJwsmmakjZKSrmA/132
http://wx.qlogo.cn/mmopen/vi_32/vWBjXqHE2icWteA2ib2MBXWUmicfDPQbvRCKQhfqc4AslyjJD1SowxMBTg5ylZ9rQd7icbGZ9icZEEqmRic6Mx50TClg/132
http://thirdwx.qlogo.cn/mmopen/vi_32/icXUbLHE5NACCBMD7WXdujNicut6OicPcvoA9ic7VBrUfBTI5MwzPTnkn9ZiaDtfUxMMhNZa4S0TjL7nPHSg3FtwJow/132
http://thirdwx.qlogo.cn/mmopen/vi_32/lDicLhvatEGtOoYtPZjxmPf8lqcLoc7bUd7W4gAicAR4AcLUa81zJIHKnYicDsDMqNw0NHUMSFmnOtKfMIvw5zEOA/132
http://thirdwx.qlogo.cn/mmopen/vi_32/5mKrvn3ibyDMC23WtpTfCm5gnsiaoCF9aEjj6BDbgPbrEoaaicxqR7XIj3oBuj50bQ7PRbvS9SbbFicZSK57pMs0Uw/132
http://thirdwx.qlogo.cn/mmopen/vi_32/PMHXE3hgtnj96EEf4pPZ1xricQjtqAv9EuR6BqPaakHWl08f5rrGXJghL15e8VEbcg0Mibg6jqkIRbd78S5F7WcQ/132
http://thirdwx.qlogo.cn/mmopen/vi_32/Q0j4TwGTfTKyibb1WBzvt8Cia9JvxdL8r99z5lHgOzGPAJjfkPdJ61Co113MjukYVXGRVJ2ng7AibsSiagNxdG8klw/132
http://thirdwx.qlogo.cn/mmopen/vi_32/iaR1HXAsWoic9vOnwdfCQ3TnhCiaGAZibVQCVUJvr0INXJUdXaAIbx12mBjSDB8mLZYJIsiaeBEKCjSiayRliav0LQZMA/132
http://thirdwx.qlogo.cn/mmopen/vi_32/PtjcZyXxsLk9Ly23MyqJYRjic55OExuIVKrUwm5fXNYaD2uAK070hdaTUU9uhaZKwOKh0tkB0md1E4ZibI10624g/132
http://thirdwx.qlogo.cn/mmopen/vi_32/BlDxmiblc3RFibibwlMdgjAKY3UiaMyGicISCQtv8bdgCKHomReYnjdAErkoMhUQHlhDzDCe34TrXo9cZv1nb9qwFbQ/132
http://thirdwx.qlogo.cn/mmopen/vi_32/pORAj11EOGbAo1A1cI71bWy63tZBakpT9QB9guv7O4vbNNLPb77pw0D93Evlt81rccqPH2eup7sLibibZD9jkenw/132
http://thirdwx.qlogo.cn/mmopen/vi_32/DYAIOgq83eoJ9RwokBdAfTjVDia1JuWMqaicHhmbLicjzjoQuSwCU85gB0stsDzGeZJWNaQQgbalVVC8JYoWybKVQ/132
http://thirdwx.qlogo.cn/mmopen/vi_32/Q0j4TwGTfTJgtVYia3HhaS7pUZ1F6bSKgDZA0t1icniaNZR8ia4JzW8EibhpeE8mIIXR70jAVOv4FgTKfhLtSVPoseQ/132
http://thirdwx.qlogo.cn/mmopen/vi_32/gReakaPaF7gibh22tsQper4EX9w6WibYf0yNdwvZE2HlMaibXzkgyNQE8AG9Z7bdVCAFhUib065qCC3iaN1qwruAa0Q/132
http://thirdwx.qlogo.cn/mmopen/vi_32/T42lsdNM4iackYjDlRAADE6gLeLG9icuEdhGlrR5P1iajKE6tsUJAaz8em1icVYKtvxRytGDq7pLrjfIN7SAk0dZrQ/132
http://thirdwx.qlogo.cn/mmopen/vi_32/ibiaIf7jF5pJ2b03doruxdicjSYMRME6wo9SIpDeF5Jg5WRhx1Tcz7iaTNDhCCyG7q7lMGr5nWxZmu4qCNIjwxb0MA/132
http://thirdwx.qlogo.cn/mmopen/vi_32/DYAIOgq83eo4B2fianCAHfeCM7icdf7z96E7rZF48GA9mEEoUVQUbhcPSHmqTUgSibico1o732bjTIUBtwfXg8IxBg/132
http://thirdwx.qlogo.cn/mmopen/vi_32/wYg6Y1C6Tln13sqWXYG4vIgb03r9zgiagd2TpPUV5T81esjtxCkup09HI8yXpFt3licFc4Itib2RpMR0a4ff3APoA/132
http://thirdwx.qlogo.cn/mmopen/vi_32/qoGbic2Akd4yWvNicliaeTBiclfvSugEIWaDibsZYhJEpC3DJR1AsSTwPBU3iaLEsSZ7LbjumcuUFRzRPmiaRpcjl7PicA/132
http://wx.qlogo.cn/mmopen/vi_32/pic1ibj7XibmJqjuGiaupOjXjgIhqFyZjDicDhD6TEJVmppT4IylY2zFfQ7uHW0LQGzj0Uvo6N27FqxY7w7pmLcNt5g/132
http://wx.qlogo.cn/mmopen/vi_32/iamlMrulSupF9wWtkPrmQbsbeSUs1WJmibRNcLa4icfrm8wCfR1ZUVibIqbcNl3dLFfSKib3Xkmklt0weX779fk1GFQ/132
http://wx.qlogo.cn/mmopen/vi_32/ibEzFqEjkI8ibQh5egMhJbsgcBhgic10bmrEvM7GE73cBuP8fzhicHN3FiaGCjdSvBniaRCXQlBBMOdVYS25TNz2I5NQ/132
http://thirdwx.qlogo.cn/mmopen/vi_32/DYAIOgq83eoE0IlTmjWib5wFOnSsib3bZ3lNGNC2Ywpp8j5MlcM8LsmQjwyuxHAxcFicVoCEibhMXnDlNHPG01Se3Q/132
http://thirdwx.qlogo.cn/mmopen/vi_32/Q0j4TwGTfTLWqtPXqwR8qTib4rjpev1CGz79t0ozSjrsCqcGj9bic7Mr946rCgR8KibhSbEMNiag8Tict5QQ4BGJ9Nw/132
http://thirdwx.qlogo.cn/mmopen/vi_32/Q0j4TwGTfTIiaDrw6DoCtKnQdz4Oa9icQCCc3PDIEoyevFibsPIoYLYhxHTngNhoCfSxfw4iaJ21YzrUpmjic89KhGA/132
http://thirdwx.qlogo.cn/mmopen/vi_32/o2iaHQITWQUqjykzgRFyj8wPy8kVCSneyE41iazQBscFah8mju727HorvlrrnqdyxiclrjPdwRib90xldiaGTdBAX5w/132
http://thirdwx.qlogo.cn/mmopen/vi_32/Y4R8glNgDXjwCQDeu2VhJJ8X623icriccNdpeCQsMwlj6qUx4fM2MHP4s5IGJzjTUEN3op6ayZ6pBic7NDYtzsbQg/132
http://thirdwx.qlogo.cn/mmopen/vi_32/LmrvaIfCBtBE8efbwrEghEBichh9UPtAviby5S70xSJmDAM35icxFzZwtJ31PmoocIZ4fxsZC54JRpWKaWXkHjuKQ/132
http://wx.qlogo.cn/mmopen/vi_32/ajNVdqHZLLA0WxXNDxiapggX94NW5pOW8shMBUgSFKibauV7ajyn2MrCqwdXKekQkBVJxno6MXfgFNTO1W3ibeFkA/132
http://wx.qlogo.cn/mmopen/vi_32/OAOZ46wqpPJoC3EaOQkbcorGEgTyMIPMiaDicUPznOfxXEiblFK0KMtjHcphZiapagVCEcBicZwFjnyfo3dzNHArEoA/132
http://wx.qlogo.cn/mmopen/vi_32/ZDKibqPZ3hOkHl41IDmMFs5zPsY3UrKWMksvtq9z0QWQwDPicIXKtNgQADTuRx5edq8K7umZCsgSTFrl8J6iaQjqw/132
http://wx.qlogo.cn/mmopen/vi_32/BheBSVZGnibEdNu6iad7ibQwmtFAEwjib1mom5XU6oQNxstibYVQHKTlV8vt9VkKwOj3HJ6j6AYKV0wIkgOl4Da4tzA/132
http://wx.qlogo.cn/mmopen/vi_32/Yxzy0RNueFvN2AOFOHIicmuR6RDbn9ldSODYTgRuUk2l2VLYfHfuclV6m92AvSbDht4KAzx2R4Tic1AdlUS98wgg/132
http://wx.qlogo.cn/mmopen/vi_32/lReN4VKPQkqUvgj5b4b8199iag4gNGhqYb4BzshXKfDEB7HN6YWA63KtR80Joibd5NK6l2BxoyjAG5icyRoWyB54A/132
http://thirdwx.qlogo.cn/mmopen/vi_32/C9LgKkiaLMMMKXibgEat0TlIfviceibhVicgfHibAJPKxVpUgSwXmaBj6oA4SItfaaZDFCibAZaTF1iaez7iawCibm6QSicibg/132
http://thirdwx.qlogo.cn/mmopen/vi_32/wVt8rC9tr0qjwBmh8y8ELOgvoA4D5h1uKmFLVqA6RSCoqXTmgq1aqpvicIgTRWkibNiaEeLOa9OZ1qgiczvDjaUOAQ/132
http://wx.qlogo.cn/mmopen/vi_32/A6r5g1xxJiaMwvlPrna7k9rEr2GaQlx98OVD2DBqxibQRh48XxM3v38wR9zziciaKy7biaDtxzDOP5jqtuuAwml4SIA/132
http://wx.qlogo.cn/mmopen/vi_32/ryeuNv4pamXSOv2ibRKmpJSpfj7ejWvGK1JAg8MB5jav0X51iafMicvcoCauoB9icydKMDnVmO0EU2RlQTEEP18ouQ/132
http://wx.qlogo.cn/mmopen/vi_32/rumCPlZacThhrD5BiajzFITCFzFvg8K7mSBhWywfIicaExVMHwibMamXGZW2f2Uxov0HyYKmCx3ibSLhG8kE39batg/132
http://wx.qlogo.cn/mmopen/vi_32/bUSGTic6GseHFiaYrXDZ7icNbC414oFJic0JPCI5MiaiaydiccagvrJAVtTnicr2SnWaVScv3cX5JxmwJmYLib7ym0NtCGA/132
http://thirdwx.qlogo.cn/mmopen/vi_32/DYAIOgq83erqdyRjpK7vXnVJlB89cg2el0icIp8jyAUcm0NnDd1ImYSC7CEtqR4icGTJibpGvGIB76pT6XiagR2BsA/132
http://thirdwx.qlogo.cn/mmopen/vi_32/MdeelwNxDV9PNsFma8bw4kg3JKp9mv2SI0VE6FkUyU3ZjKLN6eH62TpamezicjQzxAsQxZYeGcAGicrmMflFRXVQ/132
http://wx.qlogo.cn/mmopen/vi_32/eHcyBcvJOmEcVic2l0DMsHGgia6BEt4dSiblQg9Ka5lCrDKDPxVaBXicsqlcs0txXDrvEr1sic2oxGoCbv543ibqyVlA/132
http://thirdwx.qlogo.cn/mmopen/vi_32/erMN1EbImcyibDRb4ogIZibtz142f3ia02y92vWtLVXg1s8H192qSlAmDadDjjNiaUNqlXOljGyyVCEmW7z1Y1GsYA/132
http://thirdwx.qlogo.cn/mmopen/vi_32/Q0j4TwGTfTJ1FquYplWMNu5NOHyHJyX4ZJo137z5LgF7HhXiaBibgUatE325YrYpp4diaDuoRsGhBtC5BsoLh8GpA/132
http://wx.qlogo.cn/mmopen/vi_32/icvvSowyeWweMkY7zkOVHr7N5BvsXsPic83mK8eKzNzSRpvzrsaJaLAa3jBoLJusdyvXrkhWqy8Pfnx6oEUFctpw/132
http://thirdwx.qlogo.cn/mmopen/vi_32/rbNr3icx8h6ViaWa96fq1tQGYTW7Gr8QdR6SkON5vD377ibwc6fwRIUy9uuyCTSOWoSFD2dkdbQsk3sR9Tf0g2ARA/132
http://thirdwx.qlogo.cn/mmopen/vi_32/wJIswZ0LPzO9hB4wNLJwGAO1gxnUJiapMrEL4iaGA3wFAV7UY0qGVYbtKibZAGC0jI184lCjlPdt3t0S0FPCJeDQA/132
http://thirdwx.qlogo.cn/mmopen/vi_32/1ibAmdsuibicLpL0OMoibCTPnlULdAwkbgOqXWUBE0BDTeDIn6BYb8D380sGogOZZlYPb5sudSRD9ZDR9YG2KKic48g/132
http://thirdwx.qlogo.cn/mmopen/vi_32/iawV4SStzjwImeIc8KTDkW2XkibcGQRzCR0ISRYo8PLiaicHgbt6uYJUyJY49zfUHY9RkfW8GmLEq0uum0IWn3Gl5Q/132
https://ss1.baidu.com/6ONXsjip0QIZ8tyhnq/it/u=3024557035,3889102876&fm=58
https://ss0.baidu.com/73t1bjeh1BF3odCf/it/u=2246412683,3160320402&fm=85&s=6E7423D00B1247D810E9A152030080F3
https://ss0.bdstatic.com/70cFuHSh_Q1YnxGkpoWK1HF6hhy/it/u=1373411777,3992091759&fm=27&gp=0.jpg
https://ss0.baidu.com/73F1bjeh1BF3odCf/it/u=3382191645,1141323857&fm=85&s=5E928645EE316E0D04A03CD50100D0C2
https://ss0.baidu.com/6ONWsjip0QIZ8tyhnq/it/u=2890587954,3101864926&fm=58
